빌드 시작: 2013-05-22 오후 2:49:32
     1>2 노드의 "D:\★작업중\★C,C++\윈도우프로그래밍\대화상자 - 계산기 추가기능\대화상자 실습 마지막\대화상자 실습 마지막.vcxproj" 프로젝트(Build 대상)입니다.
     1>InitializeBuildStatus:
         "AlwaysCreate"이(가) 지정되었기 때문에 "Debug\대화상자 실습 마지막.unsuccessfulbuild"을(를) 만들고 있습니다.
       ClCompile:
         c:\Program Files (x86)\Microsoft Visual Studio 10.0\VC\bin\CL.exe /c /ZI /nologo /W3 /WX- /Od /Oy- /D WIN32 /D _DEBUG /D _WINDOWS /D _MBCS /Gm /EHsc /RTC1 /MDd /GS /fp:precise /Zc:wchar_t /Zc:forScope /Fo"Debug\\" /Fd"Debug\vc100.pdb" /Gd /TP /analyze- /errorReport:prompt "실습 6-7.cpp"
         실습 6-7.cpp
     1>d:\★작업중\★c,c++\윈도우프로그래밍\대화상자 - 계산기 추가기능\대화상자 실습 마지막\실습 6-7.cpp(377): warning C4996: 'sprintf': This function or variable may be unsafe. Consider using sprintf_s instead. To disable deprecation, use _CRT_SECURE_NO_WARNINGS. See online help for details.
                 c:\program files (x86)\microsoft visual studio 10.0\vc\include\stdio.h(371) : 'sprintf' 선언을 참조하십시오.
     1>d:\★작업중\★c,c++\윈도우프로그래밍\대화상자 - 계산기 추가기능\대화상자 실습 마지막\실습 6-7.cpp(42): warning C4101: 'hButton' :참조되지 않은 지역 변수입니다.
       ResourceCompile:
         C:\Program Files (x86)\Microsoft SDKs\Windows\v7.0A\bin\rc.exe /l"0x0409" /nologo /fo"Debug\리소스.res" "리소스.rc" 
       ManifestResourceCompile:
         C:\Program Files (x86)\Microsoft SDKs\Windows\v7.0A\bin\rc.exe /nologo /fo"Debug\대화상자 실습 마지막.exe.embed.manifest.res" "Debug\대화상자 실습 마지막_manifest.rc" 
       Link:
         c:\Program Files (x86)\Microsoft Visual Studio 10.0\VC\bin\link.exe /ERRORREPORT:PROMPT /OUT:"D:\★작업중\★C,C++\윈도우프로그래밍\대화상자 - 계산기 추가기능\Debug\대화상자 실습 마지막.exe" /INCREMENTAL /NOLOGO kernel32.lib user32.lib gdi32.lib winspool.lib comdlg32.lib advapi32.lib shell32.lib ole32.lib oleaut32.lib uuid.lib odbc32.lib odbccp32.lib /MANIFEST /ManifestFile:"Debug\대화상자 실습 마지막.exe.intermediate.manifest" /MANIFESTUAC:"level='asInvoker' uiAccess='false'" /DEBUG /PDB:"D:\★작업중\★C,C++\윈도우프로그래밍\대화상자 - 계산기 추가기능\Debug\대화상자 실습 마지막.pdb" /SUBSYSTEM:WINDOWS /TLBID:1 /DYNAMICBASE /NXCOMPAT /IMPLIB:"D:\★작업중\★C,C++\윈도우프로그래밍\대화상자 - 계산기 추가기능\Debug\대화상자 실습 마지막.lib" /MACHINE:X86 "Debug\리소스.res"
         "Debug\대화상자 실습 마지막.exe.embed.manifest.res"
         "Debug\실습 6-7.obj"
       Manifest:
         C:\Program Files (x86)\Microsoft SDKs\Windows\v7.0A\bin\mt.exe /nologo /verbose /out:"Debug\대화상자 실습 마지막.exe.embed.manifest" /manifest "Debug\대화상자 실습 마지막.exe.intermediate.manifest"
         모든 출력이 최신 상태입니다.
       LinkEmbedManifest:
         모든 출력이 최신 상태입니다.
         대화상자 실습 마지막.vcxproj -> D:\★작업중\★C,C++\윈도우프로그래밍\대화상자 - 계산기 추가기능\Debug\대화상자 실습 마지막.exe
       FinalizeBuildStatus:
         "Debug\대화상자 실습 마지막.unsuccessfulbuild" 파일을 삭제하고 있습니다.
         "Debug\대화상자 실습 마지막.lastbuildstate"에 연결(touching)하고 있습니다.
     1>"D:\★작업중\★C,C++\윈도우프로그래밍\대화상자 - 계산기 추가기능\대화상자 실습 마지막\대화상자 실습 마지막.vcxproj" 프로젝트를 빌드했습니다(Build 대상).

빌드했습니다.

경과 시간: 00:00:01.07
