D:\★작업중\★C,C++\윈도우프로그래밍\[130430]TERMPROJECT\[130430]TERMPROJECT\RELEASE\MAIN.OBJ
D:\★작업중\★C,C++\윈도우프로그래밍\[130430]TERMPROJECT\[130430]TERMPROJECT\RELEASE\VC100.PDB
D:\★작업중\★C,C++\윈도우프로그래밍\[130430]TERMPROJECT\RELEASE\[130430]TERMPROJECT.EXE
D:\★작업중\★C,C++\윈도우프로그래밍\[130430]TERMPROJECT\[130430]TERMPROJECT\RELEASE\[130430]TERMPROJECT.EXE.INTERMEDIATE.MANIFEST
D:\★작업중\★C,C++\윈도우프로그래밍\[130430]TERMPROJECT\RELEASE\[130430]TERMPROJECT.PDB
D:\★작업중\★C,C++\윈도우프로그래밍\[130430]TermProject\[130430]TermProject\Release\Main.obj
D:\★작업중\★C,C++\윈도우프로그래밍\[130430]TermProject\[130430]TermProject\Release\cl.command.1.tlog
D:\★작업중\★C,C++\윈도우프로그래밍\[130430]TermProject\[130430]TermProject\Release\CL.read.1.tlog
D:\★작업중\★C,C++\윈도우프로그래밍\[130430]TermProject\[130430]TermProject\Release\CL.write.1.tlog
D:\★작업중\★C,C++\윈도우프로그래밍\[130430]TermProject\[130430]TermProject\Release\link-cvtres.read.1.tlog
D:\★작업중\★C,C++\윈도우프로그래밍\[130430]TermProject\[130430]TermProject\Release\link-cvtres.write.1.tlog
D:\★작업중\★C,C++\윈도우프로그래밍\[130430]TermProject\[130430]TermProject\Release\link.command.1.tlog
D:\★작업중\★C,C++\윈도우프로그래밍\[130430]TermProject\[130430]TermProject\Release\link.read.1.tlog
D:\★작업중\★C,C++\윈도우프로그래밍\[130430]TermProject\[130430]TermProject\Release\link.write.1.tlog
D:\★작업중\★C,C++\윈도우프로그래밍\[130430]TermProject\[130430]TermProject\Release\mt.command.1.tlog
D:\★작업중\★C,C++\윈도우프로그래밍\[130430]TermProject\[130430]TermProject\Release\mt.read.1.tlog
D:\★작업중\★C,C++\윈도우프로그래밍\[130430]TermProject\[130430]TermProject\Release\mt.read.2.tlog
D:\★작업중\★C,C++\윈도우프로그래밍\[130430]TermProject\[130430]TermProject\Release\mt.write.1.tlog
D:\★작업중\★C,C++\윈도우프로그래밍\[130430]TermProject\[130430]TermProject\Release\rc.command.1.tlog
D:\★작업중\★C,C++\윈도우프로그래밍\[130430]TermProject\[130430]TermProject\Release\rc.read.1.tlog
D:\★작업중\★C,C++\윈도우프로그래밍\[130430]TermProject\[130430]TermProject\Release\rc.write.1.tlog
D:\★작업중\★C,C++\윈도우프로그래밍\[130430]TermProject\[130430]TermProject\Release\[130430]TermProject.exe.intermediate.manifest
D:\★작업중\★C,C++\윈도우프로그래밍\[130430]TermProject\[130430]TermProject\Release\vc100.pdb
D:\★작업중\★C,C++\윈도우프로그래밍\[130430]TermProject\[130430]TermProject\Release\vc120.pdb
D:\★작업중\★C,C++\윈도우프로그래밍\[130430]TermProject\Release\[130430]TermProject.pdb
D:\★작업중\★C,C++\윈도우프로그래밍\[130430]TermProject\Release\[130430]TermProject.exe
