C:\USERS\KPUGAME\DESKTOP\20130313\20130313\DEBUG\VC100.PDB
C:\USERS\KPUGAME\DESKTOP\20130313\20130313\DEBUG\WORK.OBJ
D:\★작업중\★C,C++\윈도우프로그래밍\20130313 [ 윈도우메인 띄우기 ]\20130313\DEBUG\20120318.OBJ
D:\★작업중\★C,C++\윈도우프로그래밍\20130313 [ 윈도우메인 띄우기 ]\20130313\DEBUG\VC110.PDB
C:\USERS\KPUGAME\DESKTOP\20130313\DEBUG\20130313.ILK
C:\USERS\KPUGAME\DESKTOP\20130313\DEBUG\20130313.EXE
C:\USERS\KPUGAME\DESKTOP\20130313\20130313\DEBUG\20130313.EXE.INTERMEDIATE.MANIFEST
C:\USERS\KPUGAME\DESKTOP\20130313\DEBUG\20130313.PDB
C:\USERS\KPUGAME\DESKTOP\20130313\20130313\DEBUG\20130313.EXE.EMBED.MANIFEST
C:\USERS\KPUGAME\DESKTOP\20130313\20130313\DEBUG\20130313.EXE.EMBED.MANIFEST.RES
D:\★작업중\★C,C++\윈도우프로그래밍\20130313 [ 윈도우메인 띄우기 ]\20130313\Debug\20120318.obj
D:\★작업중\★C,C++\윈도우프로그래밍\20130313 [ 윈도우메인 띄우기 ]\20130313\Debug\Work.obj
D:\★작업중\★C,C++\윈도우프로그래밍\20130313 [ 윈도우메인 띄우기 ]\20130313\Debug\cl.command.1.tlog
D:\★작업중\★C,C++\윈도우프로그래밍\20130313 [ 윈도우메인 띄우기 ]\20130313\Debug\CL.read.1.tlog
D:\★작업중\★C,C++\윈도우프로그래밍\20130313 [ 윈도우메인 띄우기 ]\20130313\Debug\CL.write.1.tlog
D:\★작업중\★C,C++\윈도우프로그래밍\20130313 [ 윈도우메인 띄우기 ]\20130313\Debug\link-cvtres.read.1.tlog
D:\★작업중\★C,C++\윈도우프로그래밍\20130313 [ 윈도우메인 띄우기 ]\20130313\Debug\link-cvtres.write.1.tlog
D:\★작업중\★C,C++\윈도우프로그래밍\20130313 [ 윈도우메인 띄우기 ]\20130313\Debug\link-rc.read.1.tlog
D:\★작업중\★C,C++\윈도우프로그래밍\20130313 [ 윈도우메인 띄우기 ]\20130313\Debug\link-rc.write.1.tlog
D:\★작업중\★C,C++\윈도우프로그래밍\20130313 [ 윈도우메인 띄우기 ]\20130313\Debug\link.5032-cvtres.read.1.tlog
D:\★작업중\★C,C++\윈도우프로그래밍\20130313 [ 윈도우메인 띄우기 ]\20130313\Debug\link.5032-cvtres.write.1.tlog
D:\★작업중\★C,C++\윈도우프로그래밍\20130313 [ 윈도우메인 띄우기 ]\20130313\Debug\link.5032.read.1.tlog
D:\★작업중\★C,C++\윈도우프로그래밍\20130313 [ 윈도우메인 띄우기 ]\20130313\Debug\link.5032.write.1.tlog
D:\★작업중\★C,C++\윈도우프로그래밍\20130313 [ 윈도우메인 띄우기 ]\20130313\Debug\link.command.1.tlog
D:\★작업중\★C,C++\윈도우프로그래밍\20130313 [ 윈도우메인 띄우기 ]\20130313\Debug\link.read.1.tlog
D:\★작업중\★C,C++\윈도우프로그래밍\20130313 [ 윈도우메인 띄우기 ]\20130313\Debug\link.write.1.tlog
D:\★작업중\★C,C++\윈도우프로그래밍\20130313 [ 윈도우메인 띄우기 ]\20130313\Debug\mt.command.1.tlog
D:\★작업중\★C,C++\윈도우프로그래밍\20130313 [ 윈도우메인 띄우기 ]\20130313\Debug\mt.read.1.tlog
D:\★작업중\★C,C++\윈도우프로그래밍\20130313 [ 윈도우메인 띄우기 ]\20130313\Debug\mt.write.1.tlog
D:\★작업중\★C,C++\윈도우프로그래밍\20130313 [ 윈도우메인 띄우기 ]\20130313\Debug\rc.command.1.tlog
D:\★작업중\★C,C++\윈도우프로그래밍\20130313 [ 윈도우메인 띄우기 ]\20130313\Debug\rc.read.1.tlog
D:\★작업중\★C,C++\윈도우프로그래밍\20130313 [ 윈도우메인 띄우기 ]\20130313\Debug\rc.write.1.tlog
D:\★작업중\★C,C++\윈도우프로그래밍\20130313 [ 윈도우메인 띄우기 ]\20130313\Debug\20130313.exe.embed.manifest
D:\★작업중\★C,C++\윈도우프로그래밍\20130313 [ 윈도우메인 띄우기 ]\20130313\Debug\20130313.exe.intermediate.manifest
D:\★작업중\★C,C++\윈도우프로그래밍\20130313 [ 윈도우메인 띄우기 ]\20130313\Debug\20130313.exe.embed.manifest.res
D:\★작업중\★C,C++\윈도우프로그래밍\20130313 [ 윈도우메인 띄우기 ]\20130313\Debug\vc100.idb
D:\★작업중\★C,C++\윈도우프로그래밍\20130313 [ 윈도우메인 띄우기 ]\20130313\Debug\vc110.idb
D:\★작업중\★C,C++\윈도우프로그래밍\20130313 [ 윈도우메인 띄우기 ]\20130313\Debug\vc100.pdb
D:\★작업중\★C,C++\윈도우프로그래밍\20130313 [ 윈도우메인 띄우기 ]\20130313\Debug\vc110.pdb
D:\★작업중\★C,C++\윈도우프로그래밍\20130313 [ 윈도우메인 띄우기 ]\20130313\Debug\20130313_manifest.rc
D:\★작업중\★C,C++\윈도우프로그래밍\20130313 [ 윈도우메인 띄우기 ]\Debug\20130313.pdb
