C:\USERS\KPUGAME\DESKTOP\WINAPI - 중간고사\WINAPI - 중간고사\DEBUG\VC100.PDB
C:\USERS\KPUGAME\DESKTOP\WINAPI - 중간고사\WINAPI - 중간고사\DEBUG\WORK.OBJ
C:\USERS\HACKER\DESKTOP\WINAPI - 중간고사\WINAPI - 중간고사\DEBUG\WORK.OBJ
C:\USERS\HACKER\DESKTOP\WINAPI - 중간고사\WINAPI - 중간고사\DEBUG\VC110.PDB
C:\USERS\KPUGAME\DESKTOP\WINAPI - 중간고사\DEBUG\WINAPI - 중간고사.ILK
C:\USERS\KPUGAME\DESKTOP\WINAPI - 중간고사\DEBUG\WINAPI - 중간고사.EXE
C:\USERS\KPUGAME\DESKTOP\WINAPI - 중간고사\WINAPI - 중간고사\DEBUG\WINAPI - 중간고사.EXE.INTERMEDIATE.MANIFEST
C:\USERS\KPUGAME\DESKTOP\WINAPI - 중간고사\DEBUG\WINAPI - 중간고사.PDB
C:\USERS\KPUGAME\DESKTOP\WINAPI - 중간고사\WINAPI - 중간고사\DEBUG\WINAPI - 중간고사.EXE.EMBED.MANIFEST
C:\USERS\KPUGAME\DESKTOP\WINAPI - 중간고사\WINAPI - 중간고사\DEBUG\WINAPI - 중간고사.EXE.EMBED.MANIFEST.RES
C:\USERS\KPUGAME\DESKTOP\WINAPI - 중간고사\WINAPI - 중간고사\DEBUG\WINAPI - 중간고사.RES
C:\USERS\HACKER\DESKTOP\WINAPI - 중간고사\WINAPI - 중간고사\DEBUG\WINAPI - 중간고사.RES
C:\Users\Hacker\Desktop\WinAPI - 중간고사\WinAPI - 중간고사\Debug\Work.obj
C:\Users\Hacker\Desktop\WinAPI - 중간고사\WinAPI - 중간고사\Debug\cl.command.1.tlog
C:\Users\Hacker\Desktop\WinAPI - 중간고사\WinAPI - 중간고사\Debug\CL.read.1.tlog
C:\Users\Hacker\Desktop\WinAPI - 중간고사\WinAPI - 중간고사\Debug\CL.write.1.tlog
C:\Users\Hacker\Desktop\WinAPI - 중간고사\WinAPI - 중간고사\Debug\link-cvtres.read.1.tlog
C:\Users\Hacker\Desktop\WinAPI - 중간고사\WinAPI - 중간고사\Debug\link-cvtres.write.1.tlog
C:\Users\Hacker\Desktop\WinAPI - 중간고사\WinAPI - 중간고사\Debug\link-rc.read.1.tlog
C:\Users\Hacker\Desktop\WinAPI - 중간고사\WinAPI - 중간고사\Debug\link-rc.write.1.tlog
C:\Users\Hacker\Desktop\WinAPI - 중간고사\WinAPI - 중간고사\Debug\link.4620-cvtres.read.1.tlog
C:\Users\Hacker\Desktop\WinAPI - 중간고사\WinAPI - 중간고사\Debug\link.4620-cvtres.write.1.tlog
C:\Users\Hacker\Desktop\WinAPI - 중간고사\WinAPI - 중간고사\Debug\link.4620.read.1.tlog
C:\Users\Hacker\Desktop\WinAPI - 중간고사\WinAPI - 중간고사\Debug\link.4620.write.1.tlog
C:\Users\Hacker\Desktop\WinAPI - 중간고사\WinAPI - 중간고사\Debug\link.4664-cvtres.read.1.tlog
C:\Users\Hacker\Desktop\WinAPI - 중간고사\WinAPI - 중간고사\Debug\link.4664-cvtres.write.1.tlog
C:\Users\Hacker\Desktop\WinAPI - 중간고사\WinAPI - 중간고사\Debug\link.4664.read.1.tlog
C:\Users\Hacker\Desktop\WinAPI - 중간고사\WinAPI - 중간고사\Debug\link.4664.write.1.tlog
C:\Users\Hacker\Desktop\WinAPI - 중간고사\WinAPI - 중간고사\Debug\link.5500-cvtres.read.1.tlog
C:\Users\Hacker\Desktop\WinAPI - 중간고사\WinAPI - 중간고사\Debug\link.5500-cvtres.write.1.tlog
C:\Users\Hacker\Desktop\WinAPI - 중간고사\WinAPI - 중간고사\Debug\link.5500.read.1.tlog
C:\Users\Hacker\Desktop\WinAPI - 중간고사\WinAPI - 중간고사\Debug\link.5500.write.1.tlog
C:\Users\Hacker\Desktop\WinAPI - 중간고사\WinAPI - 중간고사\Debug\link.5508-cvtres.read.1.tlog
C:\Users\Hacker\Desktop\WinAPI - 중간고사\WinAPI - 중간고사\Debug\link.5508-cvtres.write.1.tlog
C:\Users\Hacker\Desktop\WinAPI - 중간고사\WinAPI - 중간고사\Debug\link.5508.read.1.tlog
C:\Users\Hacker\Desktop\WinAPI - 중간고사\WinAPI - 중간고사\Debug\link.5508.write.1.tlog
C:\Users\Hacker\Desktop\WinAPI - 중간고사\WinAPI - 중간고사\Debug\link.5712-cvtres.read.1.tlog
C:\Users\Hacker\Desktop\WinAPI - 중간고사\WinAPI - 중간고사\Debug\link.5712-cvtres.write.1.tlog
C:\Users\Hacker\Desktop\WinAPI - 중간고사\WinAPI - 중간고사\Debug\link.5712.read.1.tlog
C:\Users\Hacker\Desktop\WinAPI - 중간고사\WinAPI - 중간고사\Debug\link.5712.write.1.tlog
C:\Users\Hacker\Desktop\WinAPI - 중간고사\WinAPI - 중간고사\Debug\link.command.1.tlog
C:\Users\Hacker\Desktop\WinAPI - 중간고사\WinAPI - 중간고사\Debug\link.read.1.tlog
C:\Users\Hacker\Desktop\WinAPI - 중간고사\WinAPI - 중간고사\Debug\link.write.1.tlog
C:\Users\Hacker\Desktop\WinAPI - 중간고사\WinAPI - 중간고사\Debug\mt.command.1.tlog
C:\Users\Hacker\Desktop\WinAPI - 중간고사\WinAPI - 중간고사\Debug\mt.read.1.tlog
C:\Users\Hacker\Desktop\WinAPI - 중간고사\WinAPI - 중간고사\Debug\mt.write.1.tlog
C:\Users\Hacker\Desktop\WinAPI - 중간고사\WinAPI - 중간고사\Debug\rc.command.1.tlog
C:\Users\Hacker\Desktop\WinAPI - 중간고사\WinAPI - 중간고사\Debug\rc.read.1.tlog
C:\Users\Hacker\Desktop\WinAPI - 중간고사\WinAPI - 중간고사\Debug\rc.write.1.tlog
C:\Users\Hacker\Desktop\WinAPI - 중간고사\WinAPI - 중간고사\Debug\WinAPI - 중간고사.exe.embed.manifest
C:\Users\Hacker\Desktop\WinAPI - 중간고사\WinAPI - 중간고사\Debug\WinAPI - 중간고사.exe.intermediate.manifest
C:\Users\Hacker\Desktop\WinAPI - 중간고사\WinAPI - 중간고사\Debug\WinAPI - 중간고사.exe.embed.manifest.res
C:\Users\Hacker\Desktop\WinAPI - 중간고사\WinAPI - 중간고사\Debug\WinAPI - 중간고사.res
C:\Users\Hacker\Desktop\WinAPI - 중간고사\WinAPI - 중간고사\Debug\vc100.idb
C:\Users\Hacker\Desktop\WinAPI - 중간고사\WinAPI - 중간고사\Debug\vc110.idb
C:\Users\Hacker\Desktop\WinAPI - 중간고사\WinAPI - 중간고사\Debug\vc100.pdb
C:\Users\Hacker\Desktop\WinAPI - 중간고사\WinAPI - 중간고사\Debug\vc110.pdb
C:\Users\Hacker\Desktop\WinAPI - 중간고사\WinAPI - 중간고사\Debug\WinAPI - 중간고사_manifest.rc
C:\Users\Hacker\Desktop\WinAPI - 중간고사\Debug\WinAPI - 중간고사.pdb
