빌드 시작: 2013-05-26 오후 10:20:51
     1>2 노드의 "D:\★작업중\★C,C++\윈도우프로그래밍\WinAPI - 중간고사\WinAPI - 중간고사\WinAPI - 중간고사.vcxproj" 프로젝트(Build 대상)입니다.
     1>InitializeBuildStatus:
         "AlwaysCreate"이(가) 지정되었기 때문에 "Debug\WinAPI - 중간고사.unsuccessfulbuild"을(를) 만들고 있습니다.
       ClCompile:
         C:\Program Files (x86)\Microsoft Visual Studio 11.0\VC\bin\CL.exe /c /ZI /nologo /W3 /WX- /Od /Oy- /D WIN32 /D _DEBUG /D _WINDOWS /D _MBCS /Gm /EHsc /RTC1 /MDd /GS /fp:precise /Zc:wchar_t /Zc:forScope /Fo"Debug\\" /Fd"Debug\vc110.pdb" /Gd /TP /analyze- /errorReport:prompt Work.cpp
         Work.cpp
     1>d:\★작업중\★c,c++\윈도우프로그래밍\winapi - 중간고사\winapi - 중간고사\work.cpp(249): warning C4996: 'sprintf': This function or variable may be unsafe. Consider using sprintf_s instead. To disable deprecation, use _CRT_SECURE_NO_WARNINGS. See online help for details.
                 c:\program files (x86)\microsoft visual studio 11.0\vc\include\stdio.h(357) : 'sprintf' 선언을 참조하십시오.
       ResourceCompile:
         C:\Program Files (x86)\Windows Kits\8.0\bin\x86\rc.exe /l"0x0409" /nologo /fo"Debug\WinAPI - 중간고사.res" "WinAPI - 중간고사.rc" 
       Link:
         C:\Program Files (x86)\Microsoft Visual Studio 11.0\VC\bin\link.exe /ERRORREPORT:PROMPT /OUT:"D:\★작업중\★C,C++\윈도우프로그래밍\WinAPI - 중간고사\Debug\WinAPI - 중간고사.exe" /INCREMENTAL /NOLOGO kernel32.lib user32.lib gdi32.lib winspool.lib comdlg32.lib advapi32.lib shell32.lib ole32.lib oleaut32.lib uuid.lib odbc32.lib odbccp32.lib /MANIFEST /MANIFESTUAC:"level='asInvoker' uiAccess='false'" /manifest:embed /DEBUG /PDB:"D:\★작업중\★C,C++\윈도우프로그래밍\WinAPI - 중간고사\Debug\WinAPI - 중간고사.pdb" /SUBSYSTEM:WINDOWS /TLBID:1 /DYNAMICBASE /NXCOMPAT /IMPLIB:"D:\★작업중\★C,C++\윈도우프로그래밍\WinAPI - 중간고사\Debug\WinAPI - 중간고사.lib" /MACHINE:X86 "Debug\WinAPI - 중간고사.res"
         Debug\Work.obj
         WinAPI - 중간고사.vcxproj -> D:\★작업중\★C,C++\윈도우프로그래밍\WinAPI - 중간고사\Debug\WinAPI - 중간고사.exe
       FinalizeBuildStatus:
         "Debug\WinAPI - 중간고사.unsuccessfulbuild" 파일을 삭제하고 있습니다.
         "Debug\WinAPI - 중간고사.lastbuildstate"에 연결(touching)하고 있습니다.
     1>"D:\★작업중\★C,C++\윈도우프로그래밍\WinAPI - 중간고사\WinAPI - 중간고사\WinAPI - 중간고사.vcxproj" 프로젝트를 빌드했습니다(Build 대상).

빌드했습니다.

경과 시간: 00:00:01.74
