D:\★작업중\★C,C++\윈도우프로그래밍\20130313 [ 윈도우메인 띄우기 ]\20130313\DEBUG\20130403 [장애물 피하기].OBJ
D:\★작업중\★C,C++\윈도우프로그래밍\20130313 [ 윈도우메인 띄우기 ]\20130313\DEBUG\VC110.PDB
D:\★작업중\★C,C++\윈도우프로그래밍\20130313 [ 윈도우메인 띄우기 ]\20130313\DEBUG\20130403 [직선이 원따라가기].OBJ
D:\★작업중\★C,C++\윈도우프로그래밍\20130313 [ 윈도우메인 띄우기 ]\20130313\DEBUG\소스3.OBJ
D:\★작업중\★C,C++\윈도우프로그래밍\20130313 [ 윈도우메인 띄우기 ]\20130313\Debug\20130403 [장애물 피하기].obj
D:\★작업중\★C,C++\윈도우프로그래밍\20130313 [ 윈도우메인 띄우기 ]\20130313\Debug\20130403 [직선이 원따라가기].obj
D:\★작업중\★C,C++\윈도우프로그래밍\20130313 [ 윈도우메인 띄우기 ]\20130313\Debug\소스3.obj
D:\★작업중\★C,C++\윈도우프로그래밍\20130313 [ 윈도우메인 띄우기 ]\20130313\Debug\cl.command.1.tlog
D:\★작업중\★C,C++\윈도우프로그래밍\20130313 [ 윈도우메인 띄우기 ]\20130313\Debug\CL.read.1.tlog
D:\★작업중\★C,C++\윈도우프로그래밍\20130313 [ 윈도우메인 띄우기 ]\20130313\Debug\CL.write.1.tlog
D:\★작업중\★C,C++\윈도우프로그래밍\20130313 [ 윈도우메인 띄우기 ]\20130313\Debug\link-cvtres.read.1.tlog
D:\★작업중\★C,C++\윈도우프로그래밍\20130313 [ 윈도우메인 띄우기 ]\20130313\Debug\link-cvtres.write.1.tlog
D:\★작업중\★C,C++\윈도우프로그래밍\20130313 [ 윈도우메인 띄우기 ]\20130313\Debug\link-rc.read.1.tlog
D:\★작업중\★C,C++\윈도우프로그래밍\20130313 [ 윈도우메인 띄우기 ]\20130313\Debug\link-rc.write.1.tlog
D:\★작업중\★C,C++\윈도우프로그래밍\20130313 [ 윈도우메인 띄우기 ]\20130313\Debug\link.10004-cvtres.read.1.tlog
D:\★작업중\★C,C++\윈도우프로그래밍\20130313 [ 윈도우메인 띄우기 ]\20130313\Debug\link.10004-cvtres.write.1.tlog
D:\★작업중\★C,C++\윈도우프로그래밍\20130313 [ 윈도우메인 띄우기 ]\20130313\Debug\link.10004-rc.read.1.tlog
D:\★작업중\★C,C++\윈도우프로그래밍\20130313 [ 윈도우메인 띄우기 ]\20130313\Debug\link.10004-rc.write.1.tlog
D:\★작업중\★C,C++\윈도우프로그래밍\20130313 [ 윈도우메인 띄우기 ]\20130313\Debug\link.10004.read.1.tlog
D:\★작업중\★C,C++\윈도우프로그래밍\20130313 [ 윈도우메인 띄우기 ]\20130313\Debug\link.10004.write.1.tlog
D:\★작업중\★C,C++\윈도우프로그래밍\20130313 [ 윈도우메인 띄우기 ]\20130313\Debug\link.10124-cvtres.read.1.tlog
D:\★작업중\★C,C++\윈도우프로그래밍\20130313 [ 윈도우메인 띄우기 ]\20130313\Debug\link.10124-cvtres.write.1.tlog
D:\★작업중\★C,C++\윈도우프로그래밍\20130313 [ 윈도우메인 띄우기 ]\20130313\Debug\link.10124-rc.read.1.tlog
D:\★작업중\★C,C++\윈도우프로그래밍\20130313 [ 윈도우메인 띄우기 ]\20130313\Debug\link.10124-rc.write.1.tlog
D:\★작업중\★C,C++\윈도우프로그래밍\20130313 [ 윈도우메인 띄우기 ]\20130313\Debug\link.10124.read.1.tlog
D:\★작업중\★C,C++\윈도우프로그래밍\20130313 [ 윈도우메인 띄우기 ]\20130313\Debug\link.10124.write.1.tlog
D:\★작업중\★C,C++\윈도우프로그래밍\20130313 [ 윈도우메인 띄우기 ]\20130313\Debug\link.9156-cvtres.read.1.tlog
D:\★작업중\★C,C++\윈도우프로그래밍\20130313 [ 윈도우메인 띄우기 ]\20130313\Debug\link.9156-cvtres.write.1.tlog
D:\★작업중\★C,C++\윈도우프로그래밍\20130313 [ 윈도우메인 띄우기 ]\20130313\Debug\link.9156-rc.read.1.tlog
D:\★작업중\★C,C++\윈도우프로그래밍\20130313 [ 윈도우메인 띄우기 ]\20130313\Debug\link.9156-rc.write.1.tlog
D:\★작업중\★C,C++\윈도우프로그래밍\20130313 [ 윈도우메인 띄우기 ]\20130313\Debug\link.9156.read.1.tlog
D:\★작업중\★C,C++\윈도우프로그래밍\20130313 [ 윈도우메인 띄우기 ]\20130313\Debug\link.9156.write.1.tlog
D:\★작업중\★C,C++\윈도우프로그래밍\20130313 [ 윈도우메인 띄우기 ]\20130313\Debug\link.command.1.tlog
D:\★작업중\★C,C++\윈도우프로그래밍\20130313 [ 윈도우메인 띄우기 ]\20130313\Debug\link.read.1.tlog
D:\★작업중\★C,C++\윈도우프로그래밍\20130313 [ 윈도우메인 띄우기 ]\20130313\Debug\link.write.1.tlog
D:\★작업중\★C,C++\윈도우프로그래밍\20130313 [ 윈도우메인 띄우기 ]\20130313\Debug\vc110.idb
D:\★작업중\★C,C++\윈도우프로그래밍\20130313 [ 윈도우메인 띄우기 ]\20130313\Debug\vc110.pdb
D:\★작업중\★C,C++\윈도우프로그래밍\20130313 [ 윈도우메인 띄우기 ]\Debug\20130313.pdb
D:\★작업중\★C,C++\윈도우프로그래밍\20130313 [ 윈도우메인 띄우기 ]\Debug\20130313.exe
D:\★작업중\★C,C++\윈도우프로그래밍\20130313 [ 윈도우메인 띄우기 ]\Debug\20130313.ilk
