D:\★작업중\★C,C++\윈도우프로그래밍\[130430]TERMPROJECT\[130430]TERMPROJECT\DEBUG\MAIN.OBJ
D:\★작업중\★C,C++\윈도우프로그래밍\[130430]TERMPROJECT\[130430]TERMPROJECT\DEBUG\VC100.PDB
D:\★작업중\★C,C++\윈도우프로그래밍\[130430]TERMPROJECT\DEBUG\[130430]TERMPROJECT.ILK
D:\★작업중\★C,C++\윈도우프로그래밍\[130430]TERMPROJECT\DEBUG\[130430]TERMPROJECT.EXE
D:\★작업중\★C,C++\윈도우프로그래밍\[130430]TERMPROJECT\[130430]TERMPROJECT\DEBUG\[130430]TERMPROJECT.EXE.INTERMEDIATE.MANIFEST
D:\★작업중\★C,C++\윈도우프로그래밍\[130430]TERMPROJECT\DEBUG\[130430]TERMPROJECT.PDB
D:\★작업중\★C,C++\윈도우프로그래밍\[130430]TERMPROJECT\[130430]TERMPROJECT\DEBUG\[130430]TERMPROJECT.EXE.EMBED.MANIFEST
D:\★작업중\★C,C++\윈도우프로그래밍\[130430]TERMPROJECT\[130430]TERMPROJECT\DEBUG\[130430]TERMPROJECT.EXE.EMBED.MANIFEST.RES
D:\★작업중\★C,C++\윈도우프로그래밍\[130430]TERMPROJECT\[130430]TERMPROJECT\DEBUG\[130430]TERMPROJECT.RES
D:\★작업중\★C,C++\윈도우프로그래밍\[130430]TermProject\[130430]TermProject\Debug\Main.obj
D:\★작업중\★C,C++\윈도우프로그래밍\[130430]TermProject\[130430]TermProject\Debug\cl.command.1.tlog
D:\★작업중\★C,C++\윈도우프로그래밍\[130430]TermProject\[130430]TermProject\Debug\CL.read.1.tlog
D:\★작업중\★C,C++\윈도우프로그래밍\[130430]TermProject\[130430]TermProject\Debug\CL.write.1.tlog
D:\★작업중\★C,C++\윈도우프로그래밍\[130430]TermProject\[130430]TermProject\Debug\link-cvtres.read.1.tlog
D:\★작업중\★C,C++\윈도우프로그래밍\[130430]TermProject\[130430]TermProject\Debug\link-cvtres.write.1.tlog
D:\★작업중\★C,C++\윈도우프로그래밍\[130430]TermProject\[130430]TermProject\Debug\link.6124-cvtres.read.1.tlog
D:\★작업중\★C,C++\윈도우프로그래밍\[130430]TermProject\[130430]TermProject\Debug\link.6124-cvtres.write.1.tlog
D:\★작업중\★C,C++\윈도우프로그래밍\[130430]TermProject\[130430]TermProject\Debug\link.6124.read.1.tlog
D:\★작업중\★C,C++\윈도우프로그래밍\[130430]TermProject\[130430]TermProject\Debug\link.6124.write.1.tlog
D:\★작업중\★C,C++\윈도우프로그래밍\[130430]TermProject\[130430]TermProject\Debug\link.command.1.tlog
D:\★작업중\★C,C++\윈도우프로그래밍\[130430]TermProject\[130430]TermProject\Debug\link.read.1.tlog
D:\★작업중\★C,C++\윈도우프로그래밍\[130430]TermProject\[130430]TermProject\Debug\link.write.1.tlog
D:\★작업중\★C,C++\윈도우프로그래밍\[130430]TermProject\[130430]TermProject\Debug\mt.command.1.tlog
D:\★작업중\★C,C++\윈도우프로그래밍\[130430]TermProject\[130430]TermProject\Debug\mt.read.1.tlog
D:\★작업중\★C,C++\윈도우프로그래밍\[130430]TermProject\[130430]TermProject\Debug\mt.write.1.tlog
D:\★작업중\★C,C++\윈도우프로그래밍\[130430]TermProject\[130430]TermProject\Debug\rc.command.1.tlog
D:\★작업중\★C,C++\윈도우프로그래밍\[130430]TermProject\[130430]TermProject\Debug\rc.read.1.tlog
D:\★작업중\★C,C++\윈도우프로그래밍\[130430]TermProject\[130430]TermProject\Debug\rc.write.1.tlog
D:\★작업중\★C,C++\윈도우프로그래밍\[130430]TermProject\[130430]TermProject\Debug\[130430]TermProject.exe.embed.manifest
D:\★작업중\★C,C++\윈도우프로그래밍\[130430]TermProject\[130430]TermProject\Debug\[130430]TermProject.exe.intermediate.manifest
D:\★작업중\★C,C++\윈도우프로그래밍\[130430]TermProject\[130430]TermProject\Debug\[130430]TermProject.exe.embed.manifest.res
D:\★작업중\★C,C++\윈도우프로그래밍\[130430]TermProject\[130430]TermProject\Debug\[130430]TermProject.res
D:\★작업중\★C,C++\윈도우프로그래밍\[130430]TermProject\[130430]TermProject\Debug\vc100.idb
D:\★작업중\★C,C++\윈도우프로그래밍\[130430]TermProject\[130430]TermProject\Debug\vc100.pdb
D:\★작업중\★C,C++\윈도우프로그래밍\[130430]TermProject\[130430]TermProject\Debug\[130430]TermProject_manifest.rc
D:\★작업중\★C,C++\윈도우프로그래밍\[130430]TermProject\Debug\[130430]TermProject.pdb
D:\★작업중\★C,C++\윈도우프로그래밍\[130430]TermProject\Debug\[130430]TermProject.exe
D:\★작업중\★C,C++\윈도우프로그래밍\[130430]TermProject\Debug\[130430]TermProject.ilk
