빌드 시작: 2013-05-06 오후 1:06:16
     1>2 노드의 "D:\★작업중\★C,C++\윈도우프로그래밍\BlockImageCopy\BlockImageCopy\BlockImageCopy.vcxproj" 프로젝트(Build 대상)입니다.
     1>InitializeBuildStatus:
         "Debug\BlockImageCopy.unsuccessfulbuild"에 연결(touching)하고 있습니다.
       ClCompile:
         C:\Program Files (x86)\Microsoft Visual Studio 11.0\VC\bin\CL.exe /c /ZI /nologo /W3 /WX- /sdl /Od /Oy- /D WIN32 /D _DEBUG /D _WINDOWS /D _MBCS /Gm /EHsc /RTC1 /MDd /GS /fp:precise /Zc:wchar_t /Zc:forScope /Fo"Debug\\" /Fd"Debug\vc110.pdb" /Gd /TP /analyze- /errorReport:prompt "소스.cpp"
         소스.cpp
     1>d:\★작업중\★c,c++\윈도우프로그래밍\blockimagecopy\blockimagecopy\소스.cpp(10): warning C4101: 'hAcc' :참조되지 않은 지역 변수입니다.
     1>d:\★작업중\★c,c++\윈도우프로그래밍\blockimagecopy\blockimagecopy\소스.cpp(169): warning C4244: '인수' : 'double'에서 'int'(으)로 변환하면서 데이터가 손실될 수 있습니다.
     1>d:\★작업중\★c,c++\윈도우프로그래밍\blockimagecopy\blockimagecopy\소스.cpp(49): warning C4101: 'mem2dc' :참조되지 않은 지역 변수입니다.
       ResourceCompile:
         모든 출력이 최신 상태입니다.
       Link:
         C:\Program Files (x86)\Microsoft Visual Studio 11.0\VC\bin\link.exe /ERRORREPORT:PROMPT /OUT:"D:\★작업중\★C,C++\윈도우프로그래밍\BlockImageCopy\Debug\BlockImageCopy.exe" /INCREMENTAL /NOLOGO kernel32.lib user32.lib gdi32.lib winspool.lib comdlg32.lib advapi32.lib shell32.lib ole32.lib oleaut32.lib uuid.lib odbc32.lib odbccp32.lib /MANIFEST /MANIFESTUAC:"level='asInvoker' uiAccess='false'" /manifest:embed /DEBUG /PDB:"D:\★작업중\★C,C++\윈도우프로그래밍\BlockImageCopy\Debug\BlockImageCopy.pdb" /SUBSYSTEM:WINDOWS /TLBID:1 /DYNAMICBASE /NXCOMPAT /IMPLIB:"D:\★작업중\★C,C++\윈도우프로그래밍\BlockImageCopy\Debug\BlockImageCopy.lib" /MACHINE:X86 Debug\BlockImageCopy.res
         "Debug\소스.obj"
         BlockImageCopy.vcxproj -> D:\★작업중\★C,C++\윈도우프로그래밍\BlockImageCopy\Debug\BlockImageCopy.exe
       FinalizeBuildStatus:
         "Debug\BlockImageCopy.unsuccessfulbuild" 파일을 삭제하고 있습니다.
         "Debug\BlockImageCopy.lastbuildstate"에 연결(touching)하고 있습니다.
     1>"D:\★작업중\★C,C++\윈도우프로그래밍\BlockImageCopy\BlockImageCopy\BlockImageCopy.vcxproj" 프로젝트를 빌드했습니다(Build 대상).

빌드했습니다.

경과 시간: 00:00:02.17
