D:\★작업중\★C,C++\윈도우프로그래밍\지뢰찾기\지뢰찾기\DEBUG\소스.OBJ
D:\★작업중\★C,C++\윈도우프로그래밍\지뢰찾기\지뢰찾기\DEBUG\VC110.PDB
D:\★작업중\★C,C++\윈도우프로그래밍\지뢰찾기\DEBUG\ZGAMEMINESWEEPER.ILK
D:\★작업중\★C,C++\윈도우프로그래밍\지뢰찾기\DEBUG\ZGAMEMINESWEEPER.EXE
D:\★작업중\★C,C++\윈도우프로그래밍\지뢰찾기\DEBUG\ZGAMEMINESWEEPER.PDB
D:\★작업중\★C,C++\윈도우프로그래밍\지뢰찾기\지뢰찾기\DEBUG\지뢰찾기.RES
D:\★작업중\★C,C++\윈도우프로그래밍\지뢰찾기\지뢰찾기\Debug\cl.command.1.tlog
D:\★작업중\★C,C++\윈도우프로그래밍\지뢰찾기\지뢰찾기\Debug\CL.read.1.tlog
D:\★작업중\★C,C++\윈도우프로그래밍\지뢰찾기\지뢰찾기\Debug\CL.write.1.tlog
D:\★작업중\★C,C++\윈도우프로그래밍\지뢰찾기\지뢰찾기\Debug\link-cvtres.read.1.tlog
D:\★작업중\★C,C++\윈도우프로그래밍\지뢰찾기\지뢰찾기\Debug\link-cvtres.write.1.tlog
D:\★작업중\★C,C++\윈도우프로그래밍\지뢰찾기\지뢰찾기\Debug\link-rc.read.1.tlog
D:\★작업중\★C,C++\윈도우프로그래밍\지뢰찾기\지뢰찾기\Debug\link-rc.write.1.tlog
D:\★작업중\★C,C++\윈도우프로그래밍\지뢰찾기\지뢰찾기\Debug\link.10120-cvtres.read.1.tlog
D:\★작업중\★C,C++\윈도우프로그래밍\지뢰찾기\지뢰찾기\Debug\link.10120-cvtres.write.1.tlog
D:\★작업중\★C,C++\윈도우프로그래밍\지뢰찾기\지뢰찾기\Debug\link.10120-rc.read.1.tlog
D:\★작업중\★C,C++\윈도우프로그래밍\지뢰찾기\지뢰찾기\Debug\link.10120-rc.write.1.tlog
D:\★작업중\★C,C++\윈도우프로그래밍\지뢰찾기\지뢰찾기\Debug\link.10120.read.1.tlog
D:\★작업중\★C,C++\윈도우프로그래밍\지뢰찾기\지뢰찾기\Debug\link.10120.write.1.tlog
D:\★작업중\★C,C++\윈도우프로그래밍\지뢰찾기\지뢰찾기\Debug\link.12352-cvtres.read.1.tlog
D:\★작업중\★C,C++\윈도우프로그래밍\지뢰찾기\지뢰찾기\Debug\link.12352-cvtres.write.1.tlog
D:\★작업중\★C,C++\윈도우프로그래밍\지뢰찾기\지뢰찾기\Debug\link.12352-rc.read.1.tlog
D:\★작업중\★C,C++\윈도우프로그래밍\지뢰찾기\지뢰찾기\Debug\link.12352-rc.write.1.tlog
D:\★작업중\★C,C++\윈도우프로그래밍\지뢰찾기\지뢰찾기\Debug\link.12352.read.1.tlog
D:\★작업중\★C,C++\윈도우프로그래밍\지뢰찾기\지뢰찾기\Debug\link.12352.write.1.tlog
D:\★작업중\★C,C++\윈도우프로그래밍\지뢰찾기\지뢰찾기\Debug\link.14888-cvtres.read.1.tlog
D:\★작업중\★C,C++\윈도우프로그래밍\지뢰찾기\지뢰찾기\Debug\link.14888-cvtres.write.1.tlog
D:\★작업중\★C,C++\윈도우프로그래밍\지뢰찾기\지뢰찾기\Debug\link.14888-rc.read.1.tlog
D:\★작업중\★C,C++\윈도우프로그래밍\지뢰찾기\지뢰찾기\Debug\link.14888-rc.write.1.tlog
D:\★작업중\★C,C++\윈도우프로그래밍\지뢰찾기\지뢰찾기\Debug\link.14888.read.1.tlog
D:\★작업중\★C,C++\윈도우프로그래밍\지뢰찾기\지뢰찾기\Debug\link.14888.write.1.tlog
D:\★작업중\★C,C++\윈도우프로그래밍\지뢰찾기\지뢰찾기\Debug\link.1720-cvtres.read.1.tlog
D:\★작업중\★C,C++\윈도우프로그래밍\지뢰찾기\지뢰찾기\Debug\link.1720-cvtres.write.1.tlog
D:\★작업중\★C,C++\윈도우프로그래밍\지뢰찾기\지뢰찾기\Debug\link.1720-rc.read.1.tlog
D:\★작업중\★C,C++\윈도우프로그래밍\지뢰찾기\지뢰찾기\Debug\link.1720-rc.write.1.tlog
D:\★작업중\★C,C++\윈도우프로그래밍\지뢰찾기\지뢰찾기\Debug\link.1720.read.1.tlog
D:\★작업중\★C,C++\윈도우프로그래밍\지뢰찾기\지뢰찾기\Debug\link.1720.write.1.tlog
D:\★작업중\★C,C++\윈도우프로그래밍\지뢰찾기\지뢰찾기\Debug\link.8352-cvtres.read.1.tlog
D:\★작업중\★C,C++\윈도우프로그래밍\지뢰찾기\지뢰찾기\Debug\link.8352-cvtres.write.1.tlog
D:\★작업중\★C,C++\윈도우프로그래밍\지뢰찾기\지뢰찾기\Debug\link.8352-rc.read.1.tlog
D:\★작업중\★C,C++\윈도우프로그래밍\지뢰찾기\지뢰찾기\Debug\link.8352-rc.write.1.tlog
D:\★작업중\★C,C++\윈도우프로그래밍\지뢰찾기\지뢰찾기\Debug\link.8352.read.1.tlog
D:\★작업중\★C,C++\윈도우프로그래밍\지뢰찾기\지뢰찾기\Debug\link.8352.write.1.tlog
D:\★작업중\★C,C++\윈도우프로그래밍\지뢰찾기\지뢰찾기\Debug\link.8628-cvtres.read.1.tlog
D:\★작업중\★C,C++\윈도우프로그래밍\지뢰찾기\지뢰찾기\Debug\link.8628-cvtres.write.1.tlog
D:\★작업중\★C,C++\윈도우프로그래밍\지뢰찾기\지뢰찾기\Debug\link.8628-rc.read.1.tlog
D:\★작업중\★C,C++\윈도우프로그래밍\지뢰찾기\지뢰찾기\Debug\link.8628-rc.write.1.tlog
D:\★작업중\★C,C++\윈도우프로그래밍\지뢰찾기\지뢰찾기\Debug\link.8628.read.1.tlog
D:\★작업중\★C,C++\윈도우프로그래밍\지뢰찾기\지뢰찾기\Debug\link.8628.write.1.tlog
D:\★작업중\★C,C++\윈도우프로그래밍\지뢰찾기\지뢰찾기\Debug\link.command.1.tlog
D:\★작업중\★C,C++\윈도우프로그래밍\지뢰찾기\지뢰찾기\Debug\link.read.1.tlog
D:\★작업중\★C,C++\윈도우프로그래밍\지뢰찾기\지뢰찾기\Debug\link.write.1.tlog
D:\★작업중\★C,C++\윈도우프로그래밍\지뢰찾기\지뢰찾기\Debug\rc.command.1.tlog
D:\★작업중\★C,C++\윈도우프로그래밍\지뢰찾기\지뢰찾기\Debug\rc.read.1.tlog
D:\★작업중\★C,C++\윈도우프로그래밍\지뢰찾기\지뢰찾기\Debug\rc.write.1.tlog
D:\★작업중\★C,C++\윈도우프로그래밍\지뢰찾기\지뢰찾기\Debug\지뢰찾기.res
D:\★작업중\★C,C++\윈도우프로그래밍\지뢰찾기\지뢰찾기\Debug\vc110.idb
D:\★작업중\★C,C++\윈도우프로그래밍\지뢰찾기\지뢰찾기\Debug\vc110.pdb
D:\★작업중\★C,C++\윈도우프로그래밍\지뢰찾기\Debug\ZGameMinesweeper.pdb
D:\★작업중\★C,C++\윈도우프로그래밍\지뢰찾기\Debug\ZGameMinesweeper.exe
D:\★작업중\★C,C++\윈도우프로그래밍\지뢰찾기\Debug\ZGameMinesweeper.ilk
