빌드 시작: 2013-05-15 오후 3:18:03
     1>2 노드의 "D:\★작업중\★C,C++\윈도우프로그래밍\20130508 대화상자 - 따라가기\20130508 대화상자\20130508 대화상자.vcxproj" 프로젝트(Build 대상)입니다.
     1>InitializeBuildStatus:
         "AlwaysCreate"이(가) 지정되었기 때문에 "Debug\20130508 대화상자.unsuccessfulbuild"을(를) 만들고 있습니다.
       ClCompile:
         C:\Program Files (x86)\Microsoft Visual Studio 11.0\VC\bin\CL.exe /c /ZI /nologo /W3 /WX- /sdl /Od /Oy- /D WIN32 /D _DEBUG /D _WINDOWS /D _MBCS /Gm /EHsc /RTC1 /MDd /GS /fp:precise /Zc:wchar_t /Zc:forScope /Fo"Debug\\" /Fd"Debug\vc110.pdb" /Gd /TP /analyze- /errorReport:prompt "소스.cpp"
         소스.cpp
     1>d:\★작업중\★c,c++\윈도우프로그래밍\20130508 대화상자 - 따라가기\20130508 대화상자\소스.cpp(99): warning C4244: '인수' : 'double'에서 'int'(으)로 변환하면서 데이터가 손실될 수 있습니다.
     1>d:\★작업중\★c,c++\윈도우프로그래밍\20130508 대화상자 - 따라가기\20130508 대화상자\소스.cpp(102): warning C4244: '=' : 'double'에서 'int'(으)로 변환하면서 데이터가 손실될 수 있습니다.
     1>d:\★작업중\★c,c++\윈도우프로그래밍\20130508 대화상자 - 따라가기\20130508 대화상자\소스.cpp(103): warning C4244: '=' : 'double'에서 'int'(으)로 변환하면서 데이터가 손실될 수 있습니다.
     1>d:\★작업중\★c,c++\윈도우프로그래밍\20130508 대화상자 - 따라가기\20130508 대화상자\소스.cpp(155): warning C4244: '인수' : 'double'에서 'int'(으)로 변환하면서 데이터가 손실될 수 있습니다.
     1>d:\★작업중\★c,c++\윈도우프로그래밍\20130508 대화상자 - 따라가기\20130508 대화상자\소스.cpp(157): warning C4244: '인수' : 'double'에서 'int'(으)로 변환하면서 데이터가 손실될 수 있습니다.
       ResourceCompile:
         C:\Program Files (x86)\Windows Kits\8.0\bin\x86\rc.exe /l"0x0409" /nologo /fo"Debug\20130508 대화상자.res" "20130508 대화상자.rc" 
       Link:
         C:\Program Files (x86)\Microsoft Visual Studio 11.0\VC\bin\link.exe /ERRORREPORT:PROMPT /OUT:"D:\★작업중\★C,C++\윈도우프로그래밍\20130508 대화상자 - 따라가기\Debug\20130508 대화상자.exe" /INCREMENTAL /NOLOGO kernel32.lib user32.lib gdi32.lib winspool.lib comdlg32.lib advapi32.lib shell32.lib ole32.lib oleaut32.lib uuid.lib odbc32.lib odbccp32.lib /MANIFEST /MANIFESTUAC:"level='asInvoker' uiAccess='false'" /manifest:embed /DEBUG /PDB:"D:\★작업중\★C,C++\윈도우프로그래밍\20130508 대화상자 - 따라가기\Debug\20130508 대화상자.pdb" /SUBSYSTEM:WINDOWS /TLBID:1 /DYNAMICBASE /NXCOMPAT /IMPLIB:"D:\★작업중\★C,C++\윈도우프로그래밍\20130508 대화상자 - 따라가기\Debug\20130508 대화상자.lib" /MACHINE:X86 "Debug\20130508 대화상자.res"
         "Debug\소스.obj"
         20130508 대화상자.vcxproj -> D:\★작업중\★C,C++\윈도우프로그래밍\20130508 대화상자 - 따라가기\Debug\20130508 대화상자.exe
       FinalizeBuildStatus:
         "Debug\20130508 대화상자.unsuccessfulbuild" 파일을 삭제하고 있습니다.
         "Debug\20130508 대화상자.lastbuildstate"에 연결(touching)하고 있습니다.
     1>"D:\★작업중\★C,C++\윈도우프로그래밍\20130508 대화상자 - 따라가기\20130508 대화상자\20130508 대화상자.vcxproj" 프로젝트를 빌드했습니다(Build 대상).

빌드했습니다.

경과 시간: 00:00:01.41
