빌드 시작: 2013-04-29 오후 3:06:19
     1>2 노드의 "D:\★작업중\★C,C++\윈도우프로그래밍\DoubleBuffer\DoubleBuffer\DoubleBuffer.vcxproj" 프로젝트(Build 대상)입니다.
     1>InitializeBuildStatus:
         "AlwaysCreate"이(가) 지정되었기 때문에 "Debug\DoubleBuffer.unsuccessfulbuild"을(를) 만들고 있습니다.
       ClCompile:
         C:\Program Files (x86)\Microsoft Visual Studio 11.0\VC\bin\CL.exe /c /ZI /nologo /W3 /WX- /sdl /Od /Oy- /D WIN32 /D _DEBUG /D _WINDOWS /D _MBCS /Gm /EHsc /RTC1 /MDd /GS /fp:precise /Zc:wchar_t /Zc:forScope /Fo"Debug\\" /Fd"Debug\vc110.pdb" /Gd /TP /analyze- /errorReport:prompt "소스.cpp"
         소스.cpp
     1>d:\★작업중\★c,c++\윈도우프로그래밍\doublebuffer\doublebuffer\소스.cpp(9): warning C4101: 'hAcc' :참조되지 않은 지역 변수입니다.
     1>d:\★작업중\★c,c++\윈도우프로그래밍\doublebuffer\doublebuffer\소스.cpp(106): warning C4553: '==' : 의미 없는 연산자입니다. '='을(를) 사용하려고 했습니까?
       ResourceCompile:
         모든 출력이 최신 상태입니다.
       Link:
         C:\Program Files (x86)\Microsoft Visual Studio 11.0\VC\bin\link.exe /ERRORREPORT:PROMPT /OUT:"D:\★작업중\★C,C++\윈도우프로그래밍\DoubleBuffer\Debug\DoubleBuffer.exe" /INCREMENTAL /NOLOGO msimg32.lib kernel32.lib user32.lib gdi32.lib winspool.lib comdlg32.lib advapi32.lib shell32.lib ole32.lib oleaut32.lib uuid.lib odbc32.lib odbccp32.lib /MANIFEST /MANIFESTUAC:"level='asInvoker' uiAccess='false'" /manifest:embed /DEBUG /PDB:"D:\★작업중\★C,C++\윈도우프로그래밍\DoubleBuffer\Debug\DoubleBuffer.pdb" /SUBSYSTEM:WINDOWS /TLBID:1 /DYNAMICBASE /NXCOMPAT /IMPLIB:"D:\★작업중\★C,C++\윈도우프로그래밍\DoubleBuffer\Debug\DoubleBuffer.lib" /MACHINE:X86 msimg32.lib Debug\DoubleBuffer.res
         "Debug\소스.obj"
         DoubleBuffer.vcxproj -> D:\★작업중\★C,C++\윈도우프로그래밍\DoubleBuffer\Debug\DoubleBuffer.exe
       FinalizeBuildStatus:
         "Debug\DoubleBuffer.unsuccessfulbuild" 파일을 삭제하고 있습니다.
         "Debug\DoubleBuffer.lastbuildstate"에 연결(touching)하고 있습니다.
     1>"D:\★작업중\★C,C++\윈도우프로그래밍\DoubleBuffer\DoubleBuffer\DoubleBuffer.vcxproj" 프로젝트를 빌드했습니다(Build 대상).

빌드했습니다.

경과 시간: 00:00:01.00
