빌드 시작: 2013-05-22 오후 3:02:49
     1>2 노드의 "D:\★작업중\★C,C++\윈도우프로그래밍\대화상자 - 6-456\윈도우 대화상자2\윈도우 대화상자2.vcxproj" 프로젝트(Build 대상)입니다.
     1>InitializeBuildStatus:
         "AlwaysCreate"이(가) 지정되었기 때문에 "Debug\윈도우 대화상자2.unsuccessfulbuild"을(를) 만들고 있습니다.
       ClCompile:
         모든 출력이 최신 상태입니다.
       ResourceCompile:
         모든 출력이 최신 상태입니다.
       ManifestResourceCompile:
         모든 출력이 최신 상태입니다.
       Link:
         c:\Program Files (x86)\Microsoft Visual Studio 10.0\VC\bin\link.exe /ERRORREPORT:PROMPT /OUT:"D:\★작업중\★C,C++\윈도우프로그래밍\대화상자 - 6-456\Debug\윈도우 대화상자2.exe" /INCREMENTAL /NOLOGO kernel32.lib user32.lib gdi32.lib winspool.lib comdlg32.lib advapi32.lib shell32.lib ole32.lib oleaut32.lib uuid.lib odbc32.lib odbccp32.lib /MANIFEST /ManifestFile:"Debug\윈도우 대화상자2.exe.intermediate.manifest" /MANIFESTUAC:"level='asInvoker' uiAccess='false'" /DEBUG /PDB:"D:\★작업중\★C,C++\윈도우프로그래밍\대화상자 - 6-456\Debug\윈도우 대화상자2.pdb" /SUBSYSTEM:WINDOWS /TLBID:1 /DYNAMICBASE /NXCOMPAT /IMPLIB:"D:\★작업중\★C,C++\윈도우프로그래밍\대화상자 - 6-456\Debug\윈도우 대화상자2.lib" /MACHINE:X86 "Debug\리소스.res"
         "Debug\윈도우 대화상자2.exe.embed.manifest.res"
         "Debug\실습6-6.obj"
       Manifest:
         C:\Program Files (x86)\Microsoft SDKs\Windows\v7.0A\bin\mt.exe /nologo /verbose /out:"Debug\윈도우 대화상자2.exe.embed.manifest" /manifest "Debug\윈도우 대화상자2.exe.intermediate.manifest"
         모든 출력이 최신 상태입니다.
       LinkEmbedManifest:
         모든 출력이 최신 상태입니다.
         윈도우 대화상자2.vcxproj -> D:\★작업중\★C,C++\윈도우프로그래밍\대화상자 - 6-456\Debug\윈도우 대화상자2.exe
       FinalizeBuildStatus:
         "Debug\윈도우 대화상자2.unsuccessfulbuild" 파일을 삭제하고 있습니다.
         "Debug\윈도우 대화상자2.lastbuildstate"에 연결(touching)하고 있습니다.
     1>"D:\★작업중\★C,C++\윈도우프로그래밍\대화상자 - 6-456\윈도우 대화상자2\윈도우 대화상자2.vcxproj" 프로젝트를 빌드했습니다(Build 대상).

빌드했습니다.

경과 시간: 00:00:00.37
